[swiftsources.com/index.html]
[backblue.gif]
[fade.gif]
[index.html]
[external.html]
[stackpath.bootstrapcdn.com/font-awesome/4.7.0/css/font-awesome.min.css]
[swiftsources.com/css/animate.css]
[swiftsources.com/apple-touch-icon-57x57.png]
[swiftsources.com/apple-touch-icon-114x114.png]
[swiftsources.com/apple-touch-icon-72x72.png]
[swiftsources.com/apple-touch-icon-144x144.png]
[swiftsources.com/apple-touch-icon-60x60.png]
[swiftsources.com/apple-touch-icon-120x120.png]
[swiftsources.com/apple-touch-icon-76x76.png]
[swiftsources.com/apple-touch-icon-152x152.png]
[swiftsources.com/favicon-196x196.png]
[swiftsources.com/favicon-96x96.png]
[swiftsources.com/favicon-32x32.png]
[swiftsources.com/favicon-16x16.png]
[swiftsources.com/favicon-128.png]
[swiftsources.com/css/owl.carousel.min.css]
[swiftsources.com/css/owl.theme.default.min.css]
[swiftsources.com/css/magnific-popup.css]
[swiftsources.com/css/flaticon.css]
[swiftsources.com/css/style.css]
[swiftsources.com/cdn-cgi/challenge-platform/h/b/scripts/invisiblef3cb.js]
[swiftsources.com/w.png]
[swiftsources.com/case.html]
[swiftsources.com/testimonials.html]
[swiftsources.com/about-us.html]
[swiftsources.com/cdn-cgi/l/email-protection.html]
[swiftsources.com/images/bg_1.jpg]
[swiftsources.com/contact.html]
[swiftsources.com/images/bg_2.jpg]
[swiftsources.com/images/bg_3.jpg]
[swiftsources.com/images/image_1.jpg]
[swiftsources.com/images/about-2.jpg]
[swiftsources.com/images/image_22.jpg]
[swiftsources.com/images/image_33.jpg]
[swiftsources.com/images/about.jpg]
[swiftsources.com/images/ch.jpg]
[swiftsources.com/images/dre.jpg]
[swiftsources.com/images/cha.jpg]
[swiftsources.com/images/kate.jpg]
[swiftsources.com/images/person__.jpg]
[swiftsources.com/images/person_5.jpg]
[swiftsources.com/images/person_.jpg]
[swiftsources.com/faqs.html]
[swiftsources.com/contact-2.html]
[swiftsources.com/cdn-cgi/scripts/5c5dd728/cloudflare-static/email-decode.min.js]
[code.jquery.com/jquery-3.5.1.min.js]
[swiftsources.com/js/jquery.min.js]
[swiftsources.com/js/bootstrap.min.js]
[swiftsources.com/js/jquery.easing.1.3.js]
[swiftsources.com/js/jquery.waypoints.min.js]
[swiftsources.com/js/jquery.stellar.min.js]
[swiftsources.com/js/jquery.animateNumber.min.js]
[swiftsources.com/js/owl.carousel.min.js]
[swiftsources.com/js/jquery.magnific-popup.min.js]
[swiftsources.com/js/scrollax.min.js]
[swiftsources.com/js/main.js]
[swiftsources.com/index.html]
[stackpath.bootstrapcdn.com/font-awesome/4.7.0/css/font-awesome.min.css]
[swiftsources.com/css/animate.css]
[swiftsources.com/css/owl.video.play.png]
[swiftsources.com/css/owl.carousel.min.css]
[swiftsources.com/css/owl.theme.default.min.css]
[swiftsources.com/css/magnific-popup.css]
[swiftsources.com/fonts/flaticon/font/Flaticon.eot]
[swiftsources.com/fonts/flaticon/font/Flaticond41d.eot]
[swiftsources.com/fonts/flaticon/font/Flaticon.woff]
[swiftsources.com/fonts/flaticon/font/Flaticon.ttf]
[swiftsources.com/css/flaticon.css]
[swiftsources.com/css/style.css]
[swiftsources.com/fonts/flaticon/font/Flaticon.svg]
[swiftsources.com/case.html]
[swiftsources.com/testimonials.html]
[www.google.com/recaptcha/api.js]
[swiftsources.com/images/about-us.jpg]
[swiftsources.com/images/image_2.jpg]
[swiftsources.com/about-us.html]
[swiftsources.com/cdn-cgi/l/email-protection.html]
[swiftsources.com/contact.html]
[swiftsources.com/images/image_3.jpg]
[swiftsources.com/case-2.html]
[swiftsources.com/testimonials-2.html]
[swiftsources.com/about-us-2.html]
[swiftsources.com/images/about-1.jpg]
[swiftsources.com/faqs.html]
[swiftsources.com/contact-2.html]
[swiftsources.com/js/jquery-migrate-3.0.1.min.js]
[swiftsources.com/css/owl.video.play.html]
[swiftsources.com/fonts/flaticon/font/Flaticon.svg]
[swiftsources.com/case-2.html]
[swiftsources.com/testimonials-2.html]
[swiftsources.com/about-us-2.html]
[stackpath.bootstrapcdn.com/bootstrap/4.5.0/js/bootstrap.min.js]
[swiftsources.com/js/popper.min.js]
